{
  message: 'database connected successfully',
  level: 'info',
  label: 'right meow!',
  timestamp: '2023-09-13T09:00:41.749Z'
}
{
  message: 'Example app listening on port 5000',
  level: 'info',
  label: 'right meow!',
  timestamp: '2023-09-13T09:00:41.770Z'
}
{
  message: 'database connected successfully',
  level: 'info',
  label: 'right meow!',
  timestamp: '2023-09-13T09:32:24.369Z'
}
{
  message: 'Example app listening on port 5000',
  level: 'info',
  label: 'right meow!',
  timestamp: '2023-09-13T09:32:24.425Z'
}
{
  message: 'database connected successfully',
  level: 'info',
  label: 'right meow!',
  timestamp: '2023-09-13T09:36:49.674Z'
}
{
  message: 'database connected successfully',
  level: 'info',
  label: 'right meow!',
  timestamp: '2023-09-13T09:40:34.395Z'
}
{
  message: 'Example app listening on port 5000',
  level: 'info',
  label: 'right meow!',
  timestamp: '2023-09-13T09:40:34.416Z'
}
{
  message: 'database connected successfully',
  level: 'info',
  label: 'right meow!',
  timestamp: '2023-09-13T09:40:51.563Z'
}
{
  message: 'Example app listening on port 5000',
  level: 'info',
  label: 'right meow!',
  timestamp: '2023-09-13T09:40:51.580Z'
}
{
  message: 'database connected successfully',
  level: 'info',
  label: 'right meow!',
  timestamp: '2023-09-13T09:41:28.116Z'
}
{
  message: 'Example app listening on port 5000',
  level: 'info',
  label: 'right meow!',
  timestamp: '2023-09-13T09:41:28.137Z'
}
{
  message: 'database connected successfully',
  level: 'info',
  label: 'right meow!',
  timestamp: '2023-09-13T09:42:03.028Z'
}
{
  message: 'Example app listening on port 5000',
  level: 'info',
  label: 'right meow!',
  timestamp: '2023-09-13T09:42:03.084Z'
}
{
  message: 'database connected successfully',
  level: 'info',
  label: 'right meow!',
  timestamp: '2023-09-13T09:54:33.636Z'
}
{
  message: 'Example app listening on port 5000',
  level: 'info',
  label: 'right meow!',
  timestamp: '2023-09-13T09:54:33.661Z'
}
{
  message: 'database connected successfully',
  level: 'info',
  label: 'right meow!',
  timestamp: '2023-09-13T09:54:52.867Z'
}
{
  message: 'Example app listening on port 5000',
  level: 'info',
  label: 'right meow!',
  timestamp: '2023-09-13T09:54:52.894Z'
}
