{
  message: 'database connected successfully',
  level: 'info',
  label: 'right meow!',
  timestamp: '2023-09-05T06:33:59.640Z'
}
{
  message: 'Example app listening on port 5000',
  level: 'info',
  label: 'right meow!',
  timestamp: '2023-09-05T06:33:59.687Z'
}
{
  message: 'database connected successfully',
  level: 'info',
  label: 'right meow!',
  timestamp: '2023-09-05T06:37:22.236Z'
}
{
  message: 'Example app listening on port 5000',
  level: 'info',
  label: 'right meow!',
  timestamp: '2023-09-05T06:37:22.297Z'
}
{
  message: 'database connected successfully',
  level: 'info',
  label: 'right meow!',
  timestamp: '2023-09-05T06:37:55.630Z'
}
{
  message: 'Example app listening on port 5000',
  level: 'info',
  label: 'right meow!',
  timestamp: '2023-09-05T06:37:55.651Z'
}
{
  message: 'database connected successfully',
  level: 'info',
  label: 'right meow!',
  timestamp: '2023-09-05T06:39:22.550Z'
}
{
  message: 'Example app listening on port 5000',
  level: 'info',
  label: 'right meow!',
  timestamp: '2023-09-05T06:39:22.583Z'
}
{
  message: 'database connected successfully',
  level: 'info',
  label: 'right meow!',
  timestamp: '2023-09-05T06:39:38.865Z'
}
{
  message: 'Example app listening on port 5000',
  level: 'info',
  label: 'right meow!',
  timestamp: '2023-09-05T06:39:38.902Z'
}
{
  message: 'database connected successfully',
  level: 'info',
  label: 'right meow!',
  timestamp: '2023-09-05T06:40:31.560Z'
}
{
  message: 'Example app listening on port 5000',
  level: 'info',
  label: 'right meow!',
  timestamp: '2023-09-05T06:40:31.586Z'
}
{
  message: 'database connected successfully',
  level: 'info',
  label: 'right meow!',
  timestamp: '2023-09-05T06:40:52.915Z'
}
{
  message: 'Example app listening on port 5000',
  level: 'info',
  label: 'right meow!',
  timestamp: '2023-09-05T06:40:52.948Z'
}
