{
  message: 'database connected successfully',
  level: 'info',
  label: 'right meow!',
  timestamp: '2023-08-31T11:23:48.561Z'
}
{
  message: 'Example app listening on port 5000',
  level: 'info',
  label: 'right meow!',
  timestamp: '2023-08-31T11:23:48.591Z'
}
{
  message: 'database connected successfully',
  level: 'info',
  label: 'right meow!',
  timestamp: '2023-08-31T11:24:28.478Z'
}
{
  message: 'Example app listening on port 5000',
  level: 'info',
  label: 'right meow!',
  timestamp: '2023-08-31T11:24:28.504Z'
}
{
  message: 'database connected successfully',
  level: 'info',
  label: 'right meow!',
  timestamp: '2023-08-31T11:26:01.044Z'
}
{
  message: 'Example app listening on port 5000',
  level: 'info',
  label: 'right meow!',
  timestamp: '2023-08-31T11:26:01.065Z'
}
{
  message: 'database connected successfully',
  level: 'info',
  label: 'right meow!',
  timestamp: '2023-08-31T11:29:04.855Z'
}
{
  message: 'Example app listening on port 5000',
  level: 'info',
  label: 'right meow!',
  timestamp: '2023-08-31T11:29:04.885Z'
}
{
  message: 'database connected successfully',
  level: 'info',
  label: 'right meow!',
  timestamp: '2023-08-31T11:38:33.047Z'
}
{
  message: 'Example app listening on port 5000',
  level: 'info',
  label: 'right meow!',
  timestamp: '2023-08-31T11:38:33.073Z'
}
{
  message: 'database connected successfully',
  level: 'info',
  label: 'right meow!',
  timestamp: '2023-08-31T11:49:30.846Z'
}
{
  message: 'Example app listening on port 5000',
  level: 'info',
  label: 'right meow!',
  timestamp: '2023-08-31T11:49:30.872Z'
}
{
  message: 'database connected successfully',
  level: 'info',
  label: 'right meow!',
  timestamp: '2023-08-31T11:50:32.544Z'
}
{
  message: 'Example app listening on port 5000',
  level: 'info',
  label: 'right meow!',
  timestamp: '2023-08-31T11:50:32.567Z'
}
